C:\USERS\TOM\DOCUMENTS\GITHUB\CPP_PLATFORMER\CPPPLATFORMER\CPPPLATFORMER\DEBUG\ANIMATION.OBJ
C:\USERS\TOM\DOCUMENTS\GITHUB\CPP_PLATFORMER\CPPPLATFORMER\CPPPLATFORMER\DEBUG\ASSETMANAGER.OBJ
C:\USERS\TOM\DOCUMENTS\GITHUB\CPP_PLATFORMER\CPPPLATFORMER\CPPPLATFORMER\DEBUG\BACKGROUNDLAYER.OBJ
C:\USERS\TOM\DOCUMENTS\GITHUB\CPP_PLATFORMER\CPPPLATFORMER\CPPPLATFORMER\DEBUG\CAMERA.OBJ
C:\USERS\TOM\DOCUMENTS\GITHUB\CPP_PLATFORMER\CPPPLATFORMER\CPPPLATFORMER\DEBUG\CLOUD.OBJ
C:\USERS\TOM\DOCUMENTS\GITHUB\CPP_PLATFORMER\CPPPLATFORMER\CPPPLATFORMER\DEBUG\CONFIGMANAGER.OBJ
C:\USERS\TOM\DOCUMENTS\GITHUB\CPP_PLATFORMER\CPPPLATFORMER\CPPPLATFORMER\DEBUG\CRAWLER.OBJ
C:\USERS\TOM\DOCUMENTS\GITHUB\CPP_PLATFORMER\CPPPLATFORMER\CPPPLATFORMER\DEBUG\GAMEENTITY.OBJ
C:\USERS\TOM\DOCUMENTS\GITHUB\CPP_PLATFORMER\CPPPLATFORMER\CPPPLATFORMER\DEBUG\GAMESTATEMANAGER.OBJ
C:\USERS\TOM\DOCUMENTS\GITHUB\CPP_PLATFORMER\CPPPLATFORMER\CPPPLATFORMER\DEBUG\HERO.OBJ
C:\USERS\TOM\DOCUMENTS\GITHUB\CPP_PLATFORMER\CPPPLATFORMER\CPPPLATFORMER\DEBUG\INPUTMANAGER.OBJ
C:\USERS\TOM\DOCUMENTS\GITHUB\CPP_PLATFORMER\CPPPLATFORMER\CPPPLATFORMER\DEBUG\LEADER.OBJ
C:\USERS\TOM\DOCUMENTS\GITHUB\CPP_PLATFORMER\CPPPLATFORMER\CPPPLATFORMER\DEBUG\LEVELDATA.OBJ
C:\USERS\TOM\DOCUMENTS\GITHUB\CPP_PLATFORMER\CPPPLATFORMER\CPPPLATFORMER\DEBUG\MAIN.OBJ
C:\USERS\TOM\DOCUMENTS\GITHUB\CPP_PLATFORMER\CPPPLATFORMER\CPPPLATFORMER\DEBUG\PLATFORMERGAMESTATE.OBJ
C:\USERS\TOM\DOCUMENTS\GITHUB\CPP_PLATFORMER\CPPPLATFORMER\CPPPLATFORMER\DEBUG\SPLASHSCREENGAMESTATE.OBJ
C:\USERS\TOM\DOCUMENTS\GITHUB\CPP_PLATFORMER\CPPPLATFORMER\CPPPLATFORMER\DEBUG\TILELAYER.OBJ
C:\USERS\TOM\DOCUMENTS\GITHUB\CPP_PLATFORMER\CPPPLATFORMER\CPPPLATFORMER\DEBUG\TINYXML2.OBJ
C:\USERS\TOM\DOCUMENTS\GITHUB\CPP_PLATFORMER\CPPPLATFORMER\CPPPLATFORMER\DEBUG\VC110.PDB
C:\USERS\TOM\DOCUMENTS\GITHUB\CPP_PLATFORMER\CPPPLATFORMER\DEBUG\CPPPLATFORMER.ILK
C:\USERS\TOM\DOCUMENTS\GITHUB\CPP_PLATFORMER\CPPPLATFORMER\DEBUG\CPPPLATFORMER.EXE
C:\USERS\TOM\DOCUMENTS\GITHUB\CPP_PLATFORMER\CPPPLATFORMER\DEBUG\CPPPLATFORMER.PDB
C:\USERS\TOM\DOCUMENTS\GITHUB\CPP_PLATFORMER\CPPPLATFORMER\CPPPLATFORMER\DEBUG\CPPPLATFORMER.RES
C:\Users\Tom\Documents\GitHub\CPP_Platformer\CppPlatformer\CppPlatformer\Debug\Animation.obj
C:\Users\Tom\Documents\GitHub\CPP_Platformer\CppPlatformer\CppPlatformer\Debug\AssetManager.obj
C:\Users\Tom\Documents\GitHub\CPP_Platformer\CppPlatformer\CppPlatformer\Debug\BackgroundLayer.obj
C:\Users\Tom\Documents\GitHub\CPP_Platformer\CppPlatformer\CppPlatformer\Debug\Camera.obj
C:\Users\Tom\Documents\GitHub\CPP_Platformer\CppPlatformer\CppPlatformer\Debug\Cloud.obj
C:\Users\Tom\Documents\GitHub\CPP_Platformer\CppPlatformer\CppPlatformer\Debug\ConfigManager.obj
C:\Users\Tom\Documents\GitHub\CPP_Platformer\CppPlatformer\CppPlatformer\Debug\Crawler.obj
C:\Users\Tom\Documents\GitHub\CPP_Platformer\CppPlatformer\CppPlatformer\Debug\GameEntity.obj
C:\Users\Tom\Documents\GitHub\CPP_Platformer\CppPlatformer\CppPlatformer\Debug\GameStateManager.obj
C:\Users\Tom\Documents\GitHub\CPP_Platformer\CppPlatformer\CppPlatformer\Debug\Hero.obj
C:\Users\Tom\Documents\GitHub\CPP_Platformer\CppPlatformer\CppPlatformer\Debug\InputManager.obj
C:\Users\Tom\Documents\GitHub\CPP_Platformer\CppPlatformer\CppPlatformer\Debug\Leader.obj
C:\Users\Tom\Documents\GitHub\CPP_Platformer\CppPlatformer\CppPlatformer\Debug\LevelData.obj
C:\Users\Tom\Documents\GitHub\CPP_Platformer\CppPlatformer\CppPlatformer\Debug\main.obj
C:\Users\Tom\Documents\GitHub\CPP_Platformer\CppPlatformer\CppPlatformer\Debug\PlatformerGameState.obj
C:\Users\Tom\Documents\GitHub\CPP_Platformer\CppPlatformer\CppPlatformer\Debug\SplashScreenGameState.obj
C:\Users\Tom\Documents\GitHub\CPP_Platformer\CppPlatformer\CppPlatformer\Debug\TileLayer.obj
C:\Users\Tom\Documents\GitHub\CPP_Platformer\CppPlatformer\CppPlatformer\Debug\tinyxml2.obj
C:\Users\Tom\Documents\GitHub\CPP_Platformer\CppPlatformer\CppPlatformer\Debug\cl.command.1.tlog
C:\Users\Tom\Documents\GitHub\CPP_Platformer\CppPlatformer\CppPlatformer\Debug\CL.read.1.tlog
C:\Users\Tom\Documents\GitHub\CPP_Platformer\CppPlatformer\CppPlatformer\Debug\CL.write.1.tlog
C:\Users\Tom\Documents\GitHub\CPP_Platformer\CppPlatformer\CppPlatformer\Debug\link-cvtres.read.1.tlog
C:\Users\Tom\Documents\GitHub\CPP_Platformer\CppPlatformer\CppPlatformer\Debug\link-cvtres.write.1.tlog
C:\Users\Tom\Documents\GitHub\CPP_Platformer\CppPlatformer\CppPlatformer\Debug\link-rc.read.1.tlog
C:\Users\Tom\Documents\GitHub\CPP_Platformer\CppPlatformer\CppPlatformer\Debug\link-rc.write.1.tlog
C:\Users\Tom\Documents\GitHub\CPP_Platformer\CppPlatformer\CppPlatformer\Debug\link.3280-cvtres.read.1.tlog
C:\Users\Tom\Documents\GitHub\CPP_Platformer\CppPlatformer\CppPlatformer\Debug\link.3280-cvtres.write.1.tlog
C:\Users\Tom\Documents\GitHub\CPP_Platformer\CppPlatformer\CppPlatformer\Debug\link.3280-rc.read.1.tlog
C:\Users\Tom\Documents\GitHub\CPP_Platformer\CppPlatformer\CppPlatformer\Debug\link.3280-rc.write.1.tlog
C:\Users\Tom\Documents\GitHub\CPP_Platformer\CppPlatformer\CppPlatformer\Debug\link.3280.read.1.tlog
C:\Users\Tom\Documents\GitHub\CPP_Platformer\CppPlatformer\CppPlatformer\Debug\link.3280.write.1.tlog
C:\Users\Tom\Documents\GitHub\CPP_Platformer\CppPlatformer\CppPlatformer\Debug\link.command.1.tlog
C:\Users\Tom\Documents\GitHub\CPP_Platformer\CppPlatformer\CppPlatformer\Debug\link.read.1.tlog
C:\Users\Tom\Documents\GitHub\CPP_Platformer\CppPlatformer\CppPlatformer\Debug\link.write.1.tlog
C:\Users\Tom\Documents\GitHub\CPP_Platformer\CppPlatformer\CppPlatformer\Debug\rc.command.1.tlog
C:\Users\Tom\Documents\GitHub\CPP_Platformer\CppPlatformer\CppPlatformer\Debug\rc.read.1.tlog
C:\Users\Tom\Documents\GitHub\CPP_Platformer\CppPlatformer\CppPlatformer\Debug\rc.write.1.tlog
C:\Users\Tom\Documents\GitHub\CPP_Platformer\CppPlatformer\CppPlatformer\Debug\CppPlatformer.res
C:\Users\Tom\Documents\GitHub\CPP_Platformer\CppPlatformer\CppPlatformer\Debug\vc110.idb
C:\Users\Tom\Documents\GitHub\CPP_Platformer\CppPlatformer\CppPlatformer\Debug\vc110.pdb
C:\Users\Tom\Documents\GitHub\CPP_Platformer\CppPlatformer\Debug\CppPlatformer.pdb
C:\Users\Tom\Documents\GitHub\CPP_Platformer\CppPlatformer\Debug\CppPlatformer.exe
C:\Users\Tom\Documents\GitHub\CPP_Platformer\CppPlatformer\Debug\CppPlatformer.ilk
